<?xml version="1.0" encoding="UTF-8"?>
<!-- Generated by org.testng.reporters.JUnitXMLReporter -->
<testsuite ignored="0" hostname="remon" failures="0" tests="5" name="Surefire test" time="198.12" errors="0" timestamp="2024-02-10T08:59:57 EET">
  <testcase classname="tests.ResultsPageTest" name="oneTripFlightPriceValidation" time="63.356"/>
  <testcase classname="tests.ResultsPageTest" name="twoTripFlightPriceValidation" time="58.574"/>
  <testcase classname="tests.HomePageTest" name="homePageTitleValidation" time="0.011"/>
  <testcase classname="tests.HomePageTest" name="selectFlight" time="30.442"/>
  <testcase classname="tests.HomePageTest" name="test" time="10.939"/>
</testsuite> <!-- Surefire test -->
