<?xml version="1.0" encoding="UTF-8"?>
<testng-results ignored="0" total="1" passed="1" failed="0" skipped="0">
  <reporter-output>
  </reporter-output>
  <suite started-at="2024-02-10T19:03:33 EET" name="Air Malta First Flight Price" finished-at="2024-02-10T19:04:16 EET" duration-ms="43323">
    <groups>
    </groups>
    <test started-at="2024-02-10T19:03:33 EET" name="/Users/remonagayby/Projects/AirMaltaFlight" finished-at="2024-02-10T19:04:16 EET" duration-ms="43323">
      <class name="tests.ResultsPageTest">
        <test-method is-config="true" signature="setUp()[pri:0, instance:tests.ResultsPageTest@1df82230]" started-at="2024-02-10T19:03:33 EET" name="setUp" finished-at="2024-02-10T19:03:46 EET" duration-ms="12905" status="PASS">
          <reporter-output>
          </reporter-output>
        </test-method> <!-- setUp -->
        <test-method signature="getFirstFlightPrice()[pri:0, instance:tests.ResultsPageTest@1df82230]" started-at="2024-02-10T19:03:46 EET" name="getFirstFlightPrice" finished-at="2024-02-10T19:04:16 EET" duration-ms="30037" status="PASS">
          <reporter-output>
          </reporter-output>
        </test-method> <!-- getFirstFlightPrice -->
        <test-method is-config="true" signature="tearDown()[pri:0, instance:tests.ResultsPageTest@1df82230]" started-at="2024-02-10T19:04:16 EET" name="tearDown" finished-at="2024-02-10T19:04:16 EET" duration-ms="282" status="PASS">
          <reporter-output>
          </reporter-output>
        </test-method> <!-- tearDown -->
      </class> <!-- tests.ResultsPageTest -->
    </test> <!-- /Users/remonagayby/Projects/AirMaltaFlight -->
  </suite> <!-- Air Malta First Flight Price -->
</testng-results>
